<?xml version="1.0" encoding="UTF-8"?>
<!-- Generated by org.testng.reporters.JUnitXMLReporter -->
<testsuite hostname="MAVBCP203" ignored="0" name="Default test" tests="3" failures="0" timestamp="2020-08-05T15:35:45 GMT+05:30" time="261.658" errors="0">
  <testcase name="Register_User" time="33.12" classname="com.maveric.scuba.tests.parabank.ParaBank_TestNG"/>
  <testcase name="Paralogin" time="26.004" classname="com.maveric.scuba.tests.parabank.ParaBank_TestNG"/>
  <testcase name="AccountCreation" time="198.818" classname="com.maveric.scuba.tests.parabank.ParaBank_TestNG"/>
</testsuite> <!-- Default test -->
