<?xml version="1.0" encoding="UTF-8"?>
<!-- Generated by org.testng.reporters.JUnitXMLReporter -->
<testsuite hostname="MAVBCP203" ignored="0" name="ParaBank_TestNG" tests="4" failures="3" timestamp="2020-08-05T17:35:52 GMT+05:30" time="212.326" errors="0">
  <testcase name="Register The User and Creating Account and Trasferring" time="167.066" classname="com.maveric.core.cucumber.CucumberBaseTest"/>
  <testcase name="Register_User" time="13.578" classname="com.maveric.scuba.tests.parabank.ParaBank_TestNG">
    <failure type="java.lang.RuntimeException" message="java.io.IOException: Stream closed">
      <![CDATA[java.lang.RuntimeException: java.io.IOException: Stream closed
at io.cucumber.core.plugin.NiceAppendable.append(NiceAppendable.java:29)
at io.cucumber.core.plugin.NiceAppendable.println(NiceAppendable.java:20)
at io.cucumber.core.plugin.PrettyFormatter.handleWrite(PrettyFormatter.java:71)
at io.cucumber.core.eventbus.AbstractEventPublisher.send(AbstractEventPublisher.java:51)
at io.cucumber.core.eventbus.AbstractEventBus.send(AbstractEventBus.java:12)
at io.cucumber.core.runtime.SynchronizedEventBus.send(SynchronizedEventBus.java:47)
at io.cucumber.core.runtime.ThreadLocalRunnerSupplier$LocalEventBus.send(ThreadLocalRunnerSupplier.java:66)
at io.cucumber.core.runner.TestCaseState.log(TestCaseState.java:101)
at io.cucumber.java.Scenario.log(Scenario.java:100)
at com.maveric.core.utils.reporter.Report.log(Report.java:17)
at com.maveric.core.utils.web.WebActions.logScreenshot(WebActions.java:25)
at com.maveric.scuba.utils.Scubautils.urllaunch(Scubautils.java:52)
at com.maveric.scuba.tests.parabank.ParaBank.launch(ParaBank.java:38)
at com.maveric.scuba.tests.parabank.ParaBank_TestNG.Register_User(ParaBank_TestNG.java:20)
at java.util.ArrayList.forEach(ArrayList.java:1257)
at java.util.concurrent.FutureTask.run(FutureTask.java:266)
at java.util.concurrent.ThreadPoolExecutor.runWorker(ThreadPoolExecutor.java:1149)
at java.util.concurrent.ThreadPoolExecutor$Worker.run(ThreadPoolExecutor.java:624)
at java.lang.Thread.run(Thread.java:748)
Caused by: java.io.IOException: Stream closed
at sun.nio.cs.StreamEncoder.ensureOpen(StreamEncoder.java:45)
at sun.nio.cs.StreamEncoder.write(StreamEncoder.java:118)
at sun.nio.cs.StreamEncoder.write(StreamEncoder.java:135)
at java.io.OutputStreamWriter.write(OutputStreamWriter.java:220)
at java.io.Writer.write(Writer.java:157)
at java.io.Writer.append(Writer.java:227)
at java.io.Writer.append(Writer.java:50)
at io.cucumber.core.plugin.NiceAppendable.append(NiceAppendable.java:25)
... 36 more
... Removed 18 stack frames]]>
    </failure>
  </testcase> <!-- Register_User -->
  <testcase name="Paralogin" time="12.097" classname="com.maveric.scuba.tests.parabank.ParaBank_TestNG">
    <failure type="java.lang.RuntimeException" message="java.io.IOException: Stream closed">
      <![CDATA[java.lang.RuntimeException: java.io.IOException: Stream closed
at io.cucumber.core.plugin.NiceAppendable.append(NiceAppendable.java:29)
at io.cucumber.core.plugin.NiceAppendable.println(NiceAppendable.java:20)
at io.cucumber.core.plugin.PrettyFormatter.handleWrite(PrettyFormatter.java:71)
at io.cucumber.core.eventbus.AbstractEventPublisher.send(AbstractEventPublisher.java:51)
at io.cucumber.core.eventbus.AbstractEventBus.send(AbstractEventBus.java:12)
at io.cucumber.core.runtime.SynchronizedEventBus.send(SynchronizedEventBus.java:47)
at io.cucumber.core.runtime.ThreadLocalRunnerSupplier$LocalEventBus.send(ThreadLocalRunnerSupplier.java:66)
at io.cucumber.core.runner.TestCaseState.log(TestCaseState.java:101)
at io.cucumber.java.Scenario.log(Scenario.java:100)
at com.maveric.core.utils.reporter.Report.log(Report.java:17)
at com.maveric.core.utils.web.WebActions.logScreenshot(WebActions.java:25)
at com.maveric.scuba.utils.Scubautils.urllaunch(Scubautils.java:52)
at com.maveric.scuba.tests.parabank.ParaBank.launch(ParaBank.java:38)
at com.maveric.scuba.tests.parabank.ParaBank_TestNG.Paralogin(ParaBank_TestNG.java:29)
at java.util.ArrayList.forEach(ArrayList.java:1257)
at java.util.concurrent.FutureTask.run(FutureTask.java:266)
at java.util.concurrent.ThreadPoolExecutor.runWorker(ThreadPoolExecutor.java:1149)
at java.util.concurrent.ThreadPoolExecutor$Worker.run(ThreadPoolExecutor.java:624)
at java.lang.Thread.run(Thread.java:748)
Caused by: java.io.IOException: Stream closed
at sun.nio.cs.StreamEncoder.ensureOpen(StreamEncoder.java:45)
at sun.nio.cs.StreamEncoder.write(StreamEncoder.java:118)
at sun.nio.cs.StreamEncoder.write(StreamEncoder.java:135)
at java.io.OutputStreamWriter.write(OutputStreamWriter.java:220)
at java.io.Writer.write(Writer.java:157)
at java.io.Writer.append(Writer.java:227)
at java.io.Writer.append(Writer.java:50)
at io.cucumber.core.plugin.NiceAppendable.append(NiceAppendable.java:25)
... 36 more
... Removed 18 stack frames]]>
    </failure>
  </testcase> <!-- Paralogin -->
  <testcase name="AccountCreation" time="11.903" classname="com.maveric.scuba.tests.parabank.ParaBank_TestNG">
    <failure type="java.lang.RuntimeException" message="java.io.IOException: Stream closed">
      <![CDATA[java.lang.RuntimeException: java.io.IOException: Stream closed
at io.cucumber.core.plugin.NiceAppendable.append(NiceAppendable.java:29)
at io.cucumber.core.plugin.NiceAppendable.println(NiceAppendable.java:20)
at io.cucumber.core.plugin.PrettyFormatter.handleWrite(PrettyFormatter.java:71)
at io.cucumber.core.eventbus.AbstractEventPublisher.send(AbstractEventPublisher.java:51)
at io.cucumber.core.eventbus.AbstractEventBus.send(AbstractEventBus.java:12)
at io.cucumber.core.runtime.SynchronizedEventBus.send(SynchronizedEventBus.java:47)
at io.cucumber.core.runtime.ThreadLocalRunnerSupplier$LocalEventBus.send(ThreadLocalRunnerSupplier.java:66)
at io.cucumber.core.runner.TestCaseState.log(TestCaseState.java:101)
at io.cucumber.java.Scenario.log(Scenario.java:100)
at com.maveric.core.utils.reporter.Report.log(Report.java:17)
at com.maveric.core.utils.web.WebActions.logScreenshot(WebActions.java:25)
at com.maveric.scuba.utils.Scubautils.urllaunch(Scubautils.java:52)
at com.maveric.scuba.tests.parabank.ParaBank.launch(ParaBank.java:38)
at com.maveric.scuba.tests.parabank.ParaBank_TestNG.AccountCreation(ParaBank_TestNG.java:38)
at java.util.ArrayList.forEach(ArrayList.java:1257)
at java.util.concurrent.FutureTask.run(FutureTask.java:266)
at java.util.concurrent.ThreadPoolExecutor.runWorker(ThreadPoolExecutor.java:1149)
at java.util.concurrent.ThreadPoolExecutor$Worker.run(ThreadPoolExecutor.java:624)
at java.lang.Thread.run(Thread.java:748)
Caused by: java.io.IOException: Stream closed
at sun.nio.cs.StreamEncoder.ensureOpen(StreamEncoder.java:45)
at sun.nio.cs.StreamEncoder.write(StreamEncoder.java:118)
at sun.nio.cs.StreamEncoder.write(StreamEncoder.java:135)
at java.io.OutputStreamWriter.write(OutputStreamWriter.java:220)
at java.io.Writer.write(Writer.java:157)
at java.io.Writer.append(Writer.java:227)
at java.io.Writer.append(Writer.java:50)
at io.cucumber.core.plugin.NiceAppendable.append(NiceAppendable.java:25)
... 36 more
... Removed 18 stack frames]]>
    </failure>
  </testcase> <!-- AccountCreation -->
</testsuite> <!-- ParaBank_TestNG -->
