<?xml version="1.0" encoding="UTF-8"?>
<!-- Generated by org.testng.reporters.JUnitXMLReporter -->
<testsuite hostname="MAVBCP203" ignored="0" name="ParaBank_Cucumber" tests="1" failures="1" timestamp="2020-08-05T17:31:01 GMT+05:30" time="1.097" errors="0">
  <testcase name="Register The User and Creating Account and Trasferring" time="0.001" classname="com.maveric.core.cucumber.CucumberBaseTest">
    <failure type="java.lang.NullPointerException">
      <![CDATA[java.lang.NullPointerException
at com.maveric.core.testng.listeners.DriverListener.beforeInvocation(DriverListener.java:31)
at java.util.ArrayList.forEach(ArrayList.java:1257)
at java.util.concurrent.FutureTask.run(FutureTask.java:266)
at java.util.concurrent.ThreadPoolExecutor.runWorker(ThreadPoolExecutor.java:1149)
at java.util.concurrent.ThreadPoolExecutor$Worker.run(ThreadPoolExecutor.java:624)
at java.lang.Thread.run(Thread.java:748)
... Removed 15 stack frames]]>
    </failure>
  </testcase> <!-- Register The User and Creating Account and Trasferring -->
</testsuite> <!-- ParaBank_Cucumber -->
