<?xml version="1.0" encoding="UTF-8"?>
<!-- Generated by org.testng.reporters.JUnitXMLReporter -->
<testsuite hostname="MAVBCP203" ignored="0" name="TestNG Test0" tests="2" failures="0" timestamp="2020-07-29T22:24:31 GMT+05:30" time="28.377" errors="0">
  <testcase name="verifyLoginWithInvalidCredentials" time="12.325" classname="com.internetapp.tests.Login"/>
  <testcase name="verifyLoginWithValidCredentials" time="13.05" classname="com.internetapp.tests.Login"/>
</testsuite> <!-- TestNG Test0 -->
