<?xml version="1.0" encoding="UTF-8"?>
<!-- Generated by org.testng.reporters.JUnitXMLReporter -->
<testsuite hostname="MAVBCP203" ignored="0" name="Parallel Classes Scenarios" tests="8" failures="0" timestamp="2020-07-23T23:21:28 GMT+05:30" time="0.088" errors="0">
  <testcase name="testCase1" time="0.026" classname="com.internetapp.tests.parallelExecution.ParallelClassesExample1"/>
  <testcase name="testCase5" time="0.026" classname="com.internetapp.tests.parallelExecution.ParallelClassesExample2"/>
  <testcase name="testCase6" time="0.001" classname="com.internetapp.tests.parallelExecution.ParallelClassesExample2"/>
  <testcase name="testCase2" time="0.001" classname="com.internetapp.tests.parallelExecution.ParallelClassesExample1"/>
  <testcase name="testCase7" time="0.003" classname="com.internetapp.tests.parallelExecution.ParallelClassesExample2"/>
  <testcase name="testCase8" time="0.001" classname="com.internetapp.tests.parallelExecution.ParallelClassesExample2"/>
  <testcase name="testCase3" time="0.003" classname="com.internetapp.tests.parallelExecution.ParallelClassesExample1"/>
  <testcase name="testCase4" time="0.003" classname="com.internetapp.tests.parallelExecution.ParallelClassesExample1"/>
</testsuite> <!-- Parallel Classes Scenarios -->
