<?xml version="1.0" encoding="UTF-8"?>
<!-- Generated by org.testng.reporters.JUnitXMLReporter -->
<testsuite hostname="MAVBCP203" ignored="0" name="DemoQA Assignment" tests="1" failures="1" timestamp="2020-07-28T16:12:42 GMT+05:30" time="18.432" errors="0">
  <testcase name="ProfileForm" time="16.405" classname="com.maveric.scuba.tests.demoqa.Demoqa">
    <failure type="java.lang.NullPointerException">
      <![CDATA[java.lang.NullPointerException
at com.maveric.core.utils.web.WebActions.logScreenshot(WebActions.java:24)
at com.maveric.scuba.tests.demoqa.Demoqa.ProfileForm(Demoqa.java:37)
at java.util.concurrent.ThreadPoolExecutor.runWorker(ThreadPoolExecutor.java:1149)
at java.util.concurrent.ThreadPoolExecutor$Worker.run(ThreadPoolExecutor.java:624)
at java.lang.Thread.run(Thread.java:748)
... Removed 12 stack frames]]>
    </failure>
  </testcase> <!-- ProfileForm -->
</testsuite> <!-- DemoQA Assignment -->
