<?xml version="1.0" encoding="UTF-8"?>
<!-- Generated by org.testng.reporters.JUnitXMLReporter -->
<testsuite hostname="MAVBCP203" ignored="0" name="DemoQA Assignment" tests="3" failures="0" timestamp="2020-07-30T20:23:11 GMT+05:30" time="225.792" errors="0">
  <testcase name="AllElements" time="88.461" classname="com.maveric.scuba.tests.demoqa.Demoqa"/>
  <testcase name="ProfileForm" time="57.758" classname="com.maveric.scuba.tests.demoqa.Demoqa"/>
  <testcase name="BookStore" time="74.997" classname="com.maveric.scuba.tests.demoqa.Demoqa"/>
</testsuite> <!-- DemoQA Assignment -->
