<?xml version="1.0" encoding="UTF-8"?>
<testng-results skipped="0" failed="1" ignored="0" total="1" passed="0">
  <reporter-output>
  </reporter-output>
  <suite name="Scuba Assignments" duration-ms="64641" started-at="2020-08-09T15:27:42 GMT+05:30" finished-at="2020-08-09T15:28:47 GMT+05:30">
    <groups>
    </groups>
    <test name="ParaBank_DB" duration-ms="64641" started-at="2020-08-09T15:27:42 GMT+05:30" finished-at="2020-08-09T15:28:47 GMT+05:30">
      <class name="com.CucumberRunner_DB">
        <test-method status="PASS" signature="setUpClass()[pri:0, instance:com.CucumberRunner_DB@671a5887]" name="setUpClass" is-config="true" duration-ms="255" started-at="2020-08-09T15:27:42 GMT+05:30" finished-at="2020-08-09T15:27:42 GMT+05:30">
          <reporter-output>
          </reporter-output>
        </test-method> <!-- setUpClass -->
        <test-method status="PASS" signature="setTestName(java.lang.reflect.Method, [Ljava.lang.Object;)[pri:0, instance:com.CucumberRunner_DB@671a5887]" name="setTestName" is-config="true" duration-ms="3" started-at="2020-08-09T15:27:42 GMT+05:30" finished-at="2020-08-09T15:27:42 GMT+05:30">
          <params>
            <param index="0">
              <value>
                <![CDATA[public void com.maveric.core.cucumber.CucumberBaseTest.scenario(io.cucumber.testng.PickleWrapper,io.cucumber.testng.FeatureWrapper) throws java.lang.Throwable]]>
              </value>
            </param>
            <param index="1">
              <value>
                <![CDATA[[Ljava.lang.Object;@29d2d081]]>
              </value>
            </param>
          </params>
          <reporter-output>
          </reporter-output>
        </test-method> <!-- setTestName -->
        <test-method status="FAIL" signature="scenario(io.cucumber.testng.PickleWrapper, io.cucumber.testng.FeatureWrapper)[pri:0, instance:com.CucumberRunner_DB@671a5887]" name="scenario" duration-ms="63589" started-at="2020-08-09T15:27:42 GMT+05:30" data-provider="scenarios" finished-at="2020-08-09T15:28:46 GMT+05:30">
          <params>
            <param index="0">
              <value>
                <![CDATA["Register The User and Creating Account and Trasferring"]]>
              </value>
            </param>
            <param index="1">
              <value>
                <![CDATA["Optional[Parabank Assignment_Thamarai]"]]>
              </value>
            </param>
          </params>
          <exception class="java.lang.NullPointerException">
            <full-stacktrace>
              <![CDATA[java.lang.NullPointerException
at com.maveric.core.utils.web.WebActions.logScreenshot(WebActions.java:24)
at com.maveric.scuba.tests.parabank.ParaBankWithDB.login(ParaBankWithDB.java:83)
at ✽.The user should be able to login into Parabank Using DB(file:///D:/SCUBA/Projects/Scuba_ParaBank_TestNG/./src/test/resources/features/ParaBankWithDB.feature:10)
]]>
            </full-stacktrace>
          </exception> <!-- java.lang.NullPointerException -->
          <reporter-output>
          </reporter-output>
        </test-method> <!-- scenario -->
        <test-method status="PASS" signature="afterMethod(org.testng.ITestResult)[pri:0, instance:com.CucumberRunner_DB@671a5887]" name="afterMethod" is-config="true" duration-ms="2" started-at="2020-08-09T15:28:47 GMT+05:30" finished-at="2020-08-09T15:28:47 GMT+05:30">
          <params>
            <param index="0">
              <value>
                <![CDATA[[TestResult name=Register The User and Creating Account and Trasferring status=FAILURE method=CucumberBaseTest.scenario(io.cucumber.testng.PickleWrapper, io.cucumber.testng.FeatureWrapper)[pri:0, instance:com.CucumberRunner_DB@671a5887] output={null}]]]>
              </value>
            </param>
          </params>
          <reporter-output>
          </reporter-output>
        </test-method> <!-- afterMethod -->
        <test-method status="PASS" signature="tearDownClass()[pri:0, instance:com.CucumberRunner_DB@671a5887]" name="tearDownClass" is-config="true" duration-ms="122" started-at="2020-08-09T15:28:47 GMT+05:30" finished-at="2020-08-09T15:28:47 GMT+05:30">
          <reporter-output>
          </reporter-output>
        </test-method> <!-- tearDownClass -->
      </class> <!-- com.CucumberRunner_DB -->
    </test> <!-- ParaBank_DB -->
  </suite> <!-- Scuba Assignments -->
</testng-results>
