<?xml version="1.0" encoding="UTF-8"?>
<testng-results skipped="0" failed="3" ignored="0" total="4" passed="1">
  <reporter-output>
  </reporter-output>
  <suite name="TestNG Suite" duration-ms="212326" started-at="2020-08-05T17:32:19 GMT+05:30" finished-at="2020-08-05T17:35:51 GMT+05:30">
    <groups>
    </groups>
    <test name="ParaBank_TestNG" duration-ms="212326" started-at="2020-08-05T17:32:19 GMT+05:30" finished-at="2020-08-05T17:35:51 GMT+05:30">
      <class name="com.CucumberRunner">
        <test-method status="PASS" signature="setUpClass()[pri:0, instance:com.CucumberRunner@24fcf36f]" name="setUpClass" is-config="true" duration-ms="316" started-at="2020-08-05T17:32:19 GMT+05:30" finished-at="2020-08-05T17:32:19 GMT+05:30">
          <reporter-output>
          </reporter-output>
        </test-method> <!-- setUpClass -->
        <test-method status="PASS" signature="setTestName(java.lang.reflect.Method, [Ljava.lang.Object;)[pri:0, instance:com.CucumberRunner@24fcf36f]" name="setTestName" is-config="true" duration-ms="3" started-at="2020-08-05T17:32:19 GMT+05:30" finished-at="2020-08-05T17:32:19 GMT+05:30">
          <params>
            <param index="0">
              <value>
                <![CDATA[public void com.maveric.core.cucumber.CucumberBaseTest.scenario(io.cucumber.testng.PickleWrapper,io.cucumber.testng.FeatureWrapper) throws java.lang.Throwable]]>
              </value>
            </param>
            <param index="1">
              <value>
                <![CDATA[[Ljava.lang.Object;@5c87bfe2]]>
              </value>
            </param>
          </params>
          <reporter-output>
          </reporter-output>
        </test-method> <!-- setTestName -->
        <test-method status="PASS" signature="scenario(io.cucumber.testng.PickleWrapper, io.cucumber.testng.FeatureWrapper)[pri:0, instance:com.CucumberRunner@24fcf36f]" name="scenario" duration-ms="167066" started-at="2020-08-05T17:32:19 GMT+05:30" data-provider="scenarios" finished-at="2020-08-05T17:35:06 GMT+05:30">
          <params>
            <param index="0">
              <value>
                <![CDATA["Register The User and Creating Account and Trasferring"]]>
              </value>
            </param>
            <param index="1">
              <value>
                <![CDATA["Optional[Parabank Assignment_Thamarai]"]]>
              </value>
            </param>
          </params>
          <reporter-output>
          </reporter-output>
        </test-method> <!-- scenario -->
        <test-method status="PASS" signature="afterMethod(org.testng.ITestResult)[pri:0, instance:com.CucumberRunner@24fcf36f]" name="afterMethod" is-config="true" duration-ms="1" started-at="2020-08-05T17:35:09 GMT+05:30" finished-at="2020-08-05T17:35:09 GMT+05:30">
          <params>
            <param index="0">
              <value>
                <![CDATA[[TestResult name=Register The User and Creating Account and Trasferring status=SUCCESS method=CucumberBaseTest.scenario(io.cucumber.testng.PickleWrapper, io.cucumber.testng.FeatureWrapper)[pri:0, instance:com.CucumberRunner@24fcf36f] output={null}]]]>
              </value>
            </param>
          </params>
          <reporter-output>
          </reporter-output>
        </test-method> <!-- afterMethod -->
        <test-method status="PASS" signature="tearDownClass()[pri:0, instance:com.CucumberRunner@24fcf36f]" name="tearDownClass" is-config="true" duration-ms="220" started-at="2020-08-05T17:35:09 GMT+05:30" finished-at="2020-08-05T17:35:09 GMT+05:30">
          <reporter-output>
          </reporter-output>
        </test-method> <!-- tearDownClass -->
      </class> <!-- com.CucumberRunner -->
      <class name="com.maveric.scuba.tests.parabank.ParaBank_TestNG">
        <test-method status="FAIL" signature="Register_User()[pri:1, instance:com.maveric.scuba.tests.parabank.ParaBank_TestNG@7ea9e1e2]" name="Register_User" duration-ms="13578" started-at="2020-08-05T17:35:09 GMT+05:30" finished-at="2020-08-05T17:35:22 GMT+05:30">
          <exception class="java.lang.RuntimeException">
            <message>
              <![CDATA[java.io.IOException: Stream closed]]>
            </message>
            <full-stacktrace>
              <![CDATA[java.lang.RuntimeException: java.io.IOException: Stream closed
at io.cucumber.core.plugin.NiceAppendable.append(NiceAppendable.java:29)
at io.cucumber.core.plugin.NiceAppendable.println(NiceAppendable.java:20)
at io.cucumber.core.plugin.PrettyFormatter.handleWrite(PrettyFormatter.java:71)
at io.cucumber.core.eventbus.AbstractEventPublisher.send(AbstractEventPublisher.java:51)
at io.cucumber.core.eventbus.AbstractEventBus.send(AbstractEventBus.java:12)
at io.cucumber.core.runtime.SynchronizedEventBus.send(SynchronizedEventBus.java:47)
at io.cucumber.core.runtime.ThreadLocalRunnerSupplier$LocalEventBus.send(ThreadLocalRunnerSupplier.java:66)
at io.cucumber.core.runner.TestCaseState.log(TestCaseState.java:101)
at io.cucumber.java.Scenario.log(Scenario.java:100)
at com.maveric.core.utils.reporter.Report.log(Report.java:17)
at com.maveric.core.utils.web.WebActions.logScreenshot(WebActions.java:25)
at com.maveric.scuba.utils.Scubautils.urllaunch(Scubautils.java:52)
at com.maveric.scuba.tests.parabank.ParaBank.launch(ParaBank.java:38)
at com.maveric.scuba.tests.parabank.ParaBank_TestNG.Register_User(ParaBank_TestNG.java:20)
at sun.reflect.NativeMethodAccessorImpl.invoke0(Native Method)
at sun.reflect.NativeMethodAccessorImpl.invoke(NativeMethodAccessorImpl.java:62)
at sun.reflect.DelegatingMethodAccessorImpl.invoke(DelegatingMethodAccessorImpl.java:43)
at java.lang.reflect.Method.invoke(Method.java:498)
at org.testng.internal.MethodInvocationHelper.invokeMethod(MethodInvocationHelper.java:134)
at org.testng.internal.TestInvoker.invokeMethod(TestInvoker.java:597)
at org.testng.internal.TestInvoker.invokeTestMethod(TestInvoker.java:173)
at org.testng.internal.MethodRunner.runInSequence(MethodRunner.java:46)
at org.testng.internal.TestInvoker$MethodInvocationAgent.invoke(TestInvoker.java:816)
at org.testng.internal.TestInvoker.invokeTestMethods(TestInvoker.java:146)
at org.testng.internal.TestMethodWorker.invokeTestMethods(TestMethodWorker.java:146)
at org.testng.internal.TestMethodWorker.run(TestMethodWorker.java:128)
at java.util.ArrayList.forEach(ArrayList.java:1257)
at org.testng.TestRunner.privateRun(TestRunner.java:766)
at org.testng.TestRunner.run(TestRunner.java:587)
at org.testng.SuiteRunner.runTest(SuiteRunner.java:384)
at org.testng.SuiteRunner.access$000(SuiteRunner.java:28)
at org.testng.SuiteRunner$SuiteWorker.run(SuiteRunner.java:425)
at org.testng.internal.thread.ThreadUtil.lambda$execute$0(ThreadUtil.java:68)
at java.util.concurrent.FutureTask.run(FutureTask.java:266)
at java.util.concurrent.ThreadPoolExecutor.runWorker(ThreadPoolExecutor.java:1149)
at java.util.concurrent.ThreadPoolExecutor$Worker.run(ThreadPoolExecutor.java:624)
at java.lang.Thread.run(Thread.java:748)
Caused by: java.io.IOException: Stream closed
at sun.nio.cs.StreamEncoder.ensureOpen(StreamEncoder.java:45)
at sun.nio.cs.StreamEncoder.write(StreamEncoder.java:118)
at sun.nio.cs.StreamEncoder.write(StreamEncoder.java:135)
at java.io.OutputStreamWriter.write(OutputStreamWriter.java:220)
at java.io.Writer.write(Writer.java:157)
at java.io.Writer.append(Writer.java:227)
at java.io.Writer.append(Writer.java:50)
at io.cucumber.core.plugin.NiceAppendable.append(NiceAppendable.java:25)
... 36 more
]]>
            </full-stacktrace>
          </exception> <!-- java.lang.RuntimeException -->
          <reporter-output>
          </reporter-output>
        </test-method> <!-- Register_User -->
        <test-method status="FAIL" signature="Paralogin()[pri:2, instance:com.maveric.scuba.tests.parabank.ParaBank_TestNG@7ea9e1e2]" name="Paralogin" duration-ms="12097" started-at="2020-08-05T17:35:24 GMT+05:30" finished-at="2020-08-05T17:35:36 GMT+05:30">
          <exception class="java.lang.RuntimeException">
            <message>
              <![CDATA[java.io.IOException: Stream closed]]>
            </message>
            <full-stacktrace>
              <![CDATA[java.lang.RuntimeException: java.io.IOException: Stream closed
at io.cucumber.core.plugin.NiceAppendable.append(NiceAppendable.java:29)
at io.cucumber.core.plugin.NiceAppendable.println(NiceAppendable.java:20)
at io.cucumber.core.plugin.PrettyFormatter.handleWrite(PrettyFormatter.java:71)
at io.cucumber.core.eventbus.AbstractEventPublisher.send(AbstractEventPublisher.java:51)
at io.cucumber.core.eventbus.AbstractEventBus.send(AbstractEventBus.java:12)
at io.cucumber.core.runtime.SynchronizedEventBus.send(SynchronizedEventBus.java:47)
at io.cucumber.core.runtime.ThreadLocalRunnerSupplier$LocalEventBus.send(ThreadLocalRunnerSupplier.java:66)
at io.cucumber.core.runner.TestCaseState.log(TestCaseState.java:101)
at io.cucumber.java.Scenario.log(Scenario.java:100)
at com.maveric.core.utils.reporter.Report.log(Report.java:17)
at com.maveric.core.utils.web.WebActions.logScreenshot(WebActions.java:25)
at com.maveric.scuba.utils.Scubautils.urllaunch(Scubautils.java:52)
at com.maveric.scuba.tests.parabank.ParaBank.launch(ParaBank.java:38)
at com.maveric.scuba.tests.parabank.ParaBank_TestNG.Paralogin(ParaBank_TestNG.java:29)
at sun.reflect.NativeMethodAccessorImpl.invoke0(Native Method)
at sun.reflect.NativeMethodAccessorImpl.invoke(NativeMethodAccessorImpl.java:62)
at sun.reflect.DelegatingMethodAccessorImpl.invoke(DelegatingMethodAccessorImpl.java:43)
at java.lang.reflect.Method.invoke(Method.java:498)
at org.testng.internal.MethodInvocationHelper.invokeMethod(MethodInvocationHelper.java:134)
at org.testng.internal.TestInvoker.invokeMethod(TestInvoker.java:597)
at org.testng.internal.TestInvoker.invokeTestMethod(TestInvoker.java:173)
at org.testng.internal.MethodRunner.runInSequence(MethodRunner.java:46)
at org.testng.internal.TestInvoker$MethodInvocationAgent.invoke(TestInvoker.java:816)
at org.testng.internal.TestInvoker.invokeTestMethods(TestInvoker.java:146)
at org.testng.internal.TestMethodWorker.invokeTestMethods(TestMethodWorker.java:146)
at org.testng.internal.TestMethodWorker.run(TestMethodWorker.java:128)
at java.util.ArrayList.forEach(ArrayList.java:1257)
at org.testng.TestRunner.privateRun(TestRunner.java:766)
at org.testng.TestRunner.run(TestRunner.java:587)
at org.testng.SuiteRunner.runTest(SuiteRunner.java:384)
at org.testng.SuiteRunner.access$000(SuiteRunner.java:28)
at org.testng.SuiteRunner$SuiteWorker.run(SuiteRunner.java:425)
at org.testng.internal.thread.ThreadUtil.lambda$execute$0(ThreadUtil.java:68)
at java.util.concurrent.FutureTask.run(FutureTask.java:266)
at java.util.concurrent.ThreadPoolExecutor.runWorker(ThreadPoolExecutor.java:1149)
at java.util.concurrent.ThreadPoolExecutor$Worker.run(ThreadPoolExecutor.java:624)
at java.lang.Thread.run(Thread.java:748)
Caused by: java.io.IOException: Stream closed
at sun.nio.cs.StreamEncoder.ensureOpen(StreamEncoder.java:45)
at sun.nio.cs.StreamEncoder.write(StreamEncoder.java:118)
at sun.nio.cs.StreamEncoder.write(StreamEncoder.java:135)
at java.io.OutputStreamWriter.write(OutputStreamWriter.java:220)
at java.io.Writer.write(Writer.java:157)
at java.io.Writer.append(Writer.java:227)
at java.io.Writer.append(Writer.java:50)
at io.cucumber.core.plugin.NiceAppendable.append(NiceAppendable.java:25)
... 36 more
]]>
            </full-stacktrace>
          </exception> <!-- java.lang.RuntimeException -->
          <reporter-output>
          </reporter-output>
        </test-method> <!-- Paralogin -->
        <test-method status="FAIL" signature="AccountCreation()[pri:3, instance:com.maveric.scuba.tests.parabank.ParaBank_TestNG@7ea9e1e2]" name="AccountCreation" duration-ms="11903" started-at="2020-08-05T17:35:38 GMT+05:30" finished-at="2020-08-05T17:35:49 GMT+05:30">
          <exception class="java.lang.RuntimeException">
            <message>
              <![CDATA[java.io.IOException: Stream closed]]>
            </message>
            <full-stacktrace>
              <![CDATA[java.lang.RuntimeException: java.io.IOException: Stream closed
at io.cucumber.core.plugin.NiceAppendable.append(NiceAppendable.java:29)
at io.cucumber.core.plugin.NiceAppendable.println(NiceAppendable.java:20)
at io.cucumber.core.plugin.PrettyFormatter.handleWrite(PrettyFormatter.java:71)
at io.cucumber.core.eventbus.AbstractEventPublisher.send(AbstractEventPublisher.java:51)
at io.cucumber.core.eventbus.AbstractEventBus.send(AbstractEventBus.java:12)
at io.cucumber.core.runtime.SynchronizedEventBus.send(SynchronizedEventBus.java:47)
at io.cucumber.core.runtime.ThreadLocalRunnerSupplier$LocalEventBus.send(ThreadLocalRunnerSupplier.java:66)
at io.cucumber.core.runner.TestCaseState.log(TestCaseState.java:101)
at io.cucumber.java.Scenario.log(Scenario.java:100)
at com.maveric.core.utils.reporter.Report.log(Report.java:17)
at com.maveric.core.utils.web.WebActions.logScreenshot(WebActions.java:25)
at com.maveric.scuba.utils.Scubautils.urllaunch(Scubautils.java:52)
at com.maveric.scuba.tests.parabank.ParaBank.launch(ParaBank.java:38)
at com.maveric.scuba.tests.parabank.ParaBank_TestNG.AccountCreation(ParaBank_TestNG.java:38)
at sun.reflect.NativeMethodAccessorImpl.invoke0(Native Method)
at sun.reflect.NativeMethodAccessorImpl.invoke(NativeMethodAccessorImpl.java:62)
at sun.reflect.DelegatingMethodAccessorImpl.invoke(DelegatingMethodAccessorImpl.java:43)
at java.lang.reflect.Method.invoke(Method.java:498)
at org.testng.internal.MethodInvocationHelper.invokeMethod(MethodInvocationHelper.java:134)
at org.testng.internal.TestInvoker.invokeMethod(TestInvoker.java:597)
at org.testng.internal.TestInvoker.invokeTestMethod(TestInvoker.java:173)
at org.testng.internal.MethodRunner.runInSequence(MethodRunner.java:46)
at org.testng.internal.TestInvoker$MethodInvocationAgent.invoke(TestInvoker.java:816)
at org.testng.internal.TestInvoker.invokeTestMethods(TestInvoker.java:146)
at org.testng.internal.TestMethodWorker.invokeTestMethods(TestMethodWorker.java:146)
at org.testng.internal.TestMethodWorker.run(TestMethodWorker.java:128)
at java.util.ArrayList.forEach(ArrayList.java:1257)
at org.testng.TestRunner.privateRun(TestRunner.java:766)
at org.testng.TestRunner.run(TestRunner.java:587)
at org.testng.SuiteRunner.runTest(SuiteRunner.java:384)
at org.testng.SuiteRunner.access$000(SuiteRunner.java:28)
at org.testng.SuiteRunner$SuiteWorker.run(SuiteRunner.java:425)
at org.testng.internal.thread.ThreadUtil.lambda$execute$0(ThreadUtil.java:68)
at java.util.concurrent.FutureTask.run(FutureTask.java:266)
at java.util.concurrent.ThreadPoolExecutor.runWorker(ThreadPoolExecutor.java:1149)
at java.util.concurrent.ThreadPoolExecutor$Worker.run(ThreadPoolExecutor.java:624)
at java.lang.Thread.run(Thread.java:748)
Caused by: java.io.IOException: Stream closed
at sun.nio.cs.StreamEncoder.ensureOpen(StreamEncoder.java:45)
at sun.nio.cs.StreamEncoder.write(StreamEncoder.java:118)
at sun.nio.cs.StreamEncoder.write(StreamEncoder.java:135)
at java.io.OutputStreamWriter.write(OutputStreamWriter.java:220)
at java.io.Writer.write(Writer.java:157)
at java.io.Writer.append(Writer.java:227)
at java.io.Writer.append(Writer.java:50)
at io.cucumber.core.plugin.NiceAppendable.append(NiceAppendable.java:25)
... 36 more
]]>
            </full-stacktrace>
          </exception> <!-- java.lang.RuntimeException -->
          <reporter-output>
          </reporter-output>
        </test-method> <!-- AccountCreation -->
      </class> <!-- com.maveric.scuba.tests.parabank.ParaBank_TestNG -->
    </test> <!-- ParaBank_TestNG -->
  </suite> <!-- TestNG Suite -->
</testng-results>
