<?xml version="1.0" encoding="UTF-8"?>
<!-- Generated by org.testng.reporters.JUnitXMLReporter -->
<testsuite hostname="MAVBCP203" ignored="0" name="TestNG Test0" tests="3" failures="0" timestamp="2020-08-05T13:48:24 GMT+05:30" time="212.638" errors="0">
  <testcase name="Register_User" time="47.144" classname="com.maveric.scuba.tests.parabank.ParaBank_TestNG"/>
  <testcase name="Paralogin" time="27.819" classname="com.maveric.scuba.tests.parabank.ParaBank_TestNG"/>
  <testcase name="AccountCreation" time="133.75" classname="com.maveric.scuba.tests.parabank.ParaBank_TestNG"/>
</testsuite> <!-- TestNG Test0 -->
